<?xml version="1.0" encoding="UTF-8"?>
<testsuite xmlns:xsi="http://www.w3.org/2001/XMLSchema-instance" xsi:noNamespaceSchemaLocation="https://maven.apache.org/surefire/maven-surefire-plugin/xsd/surefire-test-report.xsd" name="Test" time="0.002" tests="0" errors="0" skipped="0" failures="0">
  <properties>
    <property name="sun.desktop" value="windows"/>
    <property name="awt.toolkit" value="sun.awt.windows.WToolkit"/>
    <property name="file.encoding.pkg" value="sun.io"/>
    <property name="java.specification.version" value="1.8"/>
    <property name="sun.cpu.isalist" value="amd64"/>
    <property name="sun.jnu.encoding" value="GBK"/>
    <property name="java.class.path" value="D:\iruite\excel-generator\target\test-classes;D:\iruite\excel-generator\target\classes;D:\apache-maven-3.8.5\repo\org\springframework\boot\spring-boot-starter-web\2.7.8\spring-boot-starter-web-2.7.8.jar;D:\apache-maven-3.8.5\repo\org\springframework\boot\spring-boot-starter\2.7.8\spring-boot-starter-2.7.8.jar;D:\apache-maven-3.8.5\repo\org\springframework\boot\spring-boot\2.7.8\spring-boot-2.7.8.jar;D:\apache-maven-3.8.5\repo\org\springframework\boot\spring-boot-autoconfigure\2.7.8\spring-boot-autoconfigure-2.7.8.jar;D:\apache-maven-3.8.5\repo\org\springframework\boot\spring-boot-starter-logging\2.7.8\spring-boot-starter-logging-2.7.8.jar;D:\apache-maven-3.8.5\repo\ch\qos\logback\logback-classic\1.2.11\logback-classic-1.2.11.jar;D:\apache-maven-3.8.5\repo\ch\qos\logback\logback-core\1.2.11\logback-core-1.2.11.jar;D:\apache-maven-3.8.5\repo\org\apache\logging\log4j\log4j-to-slf4j\2.17.2\log4j-to-slf4j-2.17.2.jar;D:\apache-maven-3.8.5\repo\org\apache\logging\log4j\log4j-api\2.17.2\log4j-api-2.17.2.jar;D:\apache-maven-3.8.5\repo\org\slf4j\jul-to-slf4j\1.7.36\jul-to-slf4j-1.7.36.jar;D:\apache-maven-3.8.5\repo\jakarta\annotation\jakarta.annotation-api\1.3.5\jakarta.annotation-api-1.3.5.jar;D:\apache-maven-3.8.5\repo\org\springframework\spring-core\5.3.25\spring-core-5.3.25.jar;D:\apache-maven-3.8.5\repo\org\springframework\spring-jcl\5.3.25\spring-jcl-5.3.25.jar;D:\apache-maven-3.8.5\repo\org\yaml\snakeyaml\1.30\snakeyaml-1.30.jar;D:\apache-maven-3.8.5\repo\org\springframework\boot\spring-boot-starter-json\2.7.8\spring-boot-starter-json-2.7.8.jar;D:\apache-maven-3.8.5\repo\com\fasterxml\jackson\core\jackson-databind\2.13.4.2\jackson-databind-2.13.4.2.jar;D:\apache-maven-3.8.5\repo\com\fasterxml\jackson\core\jackson-annotations\2.13.4\jackson-annotations-2.13.4.jar;D:\apache-maven-3.8.5\repo\com\fasterxml\jackson\core\jackson-core\2.13.4\jackson-core-2.13.4.jar;D:\apache-maven-3.8.5\repo\com\fasterxml\jackson\datatype\jackson-datatype-jdk8\2.13.4\jackson-datatype-jdk8-2.13.4.jar;D:\apache-maven-3.8.5\repo\com\fasterxml\jackson\datatype\jackson-datatype-jsr310\2.13.4\jackson-datatype-jsr310-2.13.4.jar;D:\apache-maven-3.8.5\repo\com\fasterxml\jackson\module\jackson-module-parameter-names\2.13.4\jackson-module-parameter-names-2.13.4.jar;D:\apache-maven-3.8.5\repo\org\springframework\boot\spring-boot-starter-tomcat\2.7.8\spring-boot-starter-tomcat-2.7.8.jar;D:\apache-maven-3.8.5\repo\org\apache\tomcat\embed\tomcat-embed-core\9.0.71\tomcat-embed-core-9.0.71.jar;D:\apache-maven-3.8.5\repo\org\apache\tomcat\embed\tomcat-embed-el\9.0.71\tomcat-embed-el-9.0.71.jar;D:\apache-maven-3.8.5\repo\org\apache\tomcat\embed\tomcat-embed-websocket\9.0.71\tomcat-embed-websocket-9.0.71.jar;D:\apache-maven-3.8.5\repo\org\springframework\spring-web\5.3.25\spring-web-5.3.25.jar;D:\apache-maven-3.8.5\repo\org\springframework\spring-beans\5.3.25\spring-beans-5.3.25.jar;D:\apache-maven-3.8.5\repo\org\springframework\spring-webmvc\5.3.25\spring-webmvc-5.3.25.jar;D:\apache-maven-3.8.5\repo\org\springframework\spring-aop\5.3.25\spring-aop-5.3.25.jar;D:\apache-maven-3.8.5\repo\org\springframework\spring-context\5.3.25\spring-context-5.3.25.jar;D:\apache-maven-3.8.5\repo\org\springframework\spring-expression\5.3.25\spring-expression-5.3.25.jar;D:\apache-maven-3.8.5\repo\cn\afterturn\easypoi-base\4.2.0\easypoi-base-4.2.0.jar;D:\apache-maven-3.8.5\repo\org\apache\poi\poi\4.1.1\poi-4.1.1.jar;D:\apache-maven-3.8.5\repo\commons-codec\commons-codec\1.15\commons-codec-1.15.jar;D:\apache-maven-3.8.5\repo\org\apache\commons\commons-collections4\4.4\commons-collections4-4.4.jar;D:\apache-maven-3.8.5\repo\org\apache\commons\commons-math3\3.6.1\commons-math3-3.6.1.jar;D:\apache-maven-3.8.5\repo\org\apache\poi\poi-ooxml\4.1.1\poi-ooxml-4.1.1.jar;D:\apache-maven-3.8.5\repo\org\apache\commons\commons-compress\1.19\commons-compress-1.19.jar;D:\apache-maven-3.8.5\repo\com\github\virtuald\curvesapi\1.06\curvesapi-1.06.jar;D:\apache-maven-3.8.5\repo\org\apache\poi\poi-ooxml-schemas\4.1.1\poi-ooxml-schemas-4.1.1.jar;D:\apache-maven-3.8.5\repo\org\apache\xmlbeans\xmlbeans\3.1.0\xmlbeans-3.1.0.jar;D:\apache-maven-3.8.5\repo\com\google\guava\guava\16.0.1\guava-16.0.1.jar;D:\apache-maven-3.8.5\repo\org\apache\commons\commons-lang3\3.12.0\commons-lang3-3.12.0.jar;D:\apache-maven-3.8.5\repo\ognl\ognl\3.2.6\ognl-3.2.6.jar;D:\apache-maven-3.8.5\repo\org\javassist\javassist\3.20.0-GA\javassist-3.20.0-GA.jar;D:\apache-maven-3.8.5\repo\javax\validation\validation-api\2.0.1.Final\validation-api-2.0.1.Final.jar;D:\apache-maven-3.8.5\repo\cn\afterturn\easypoi-annotation\4.2.0\easypoi-annotation-4.2.0.jar;D:\apache-maven-3.8.5\repo\org\projectlombok\lombok\1.18.24\lombok-1.18.24.jar;D:\apache-maven-3.8.5\repo\org\slf4j\slf4j-api\1.7.36\slf4j-api-1.7.36.jar;D:\apache-maven-3.8.5\repo\org\hibernate\validator\hibernate-validator\6.2.0.Final\hibernate-validator-6.2.0.Final.jar;D:\apache-maven-3.8.5\repo\jakarta\validation\jakarta.validation-api\2.0.2\jakarta.validation-api-2.0.2.jar;D:\apache-maven-3.8.5\repo\org\jboss\logging\jboss-logging\3.4.3.Final\jboss-logging-3.4.3.Final.jar;D:\apache-maven-3.8.5\repo\com\fasterxml\classmate\1.5.1\classmate-1.5.1.jar;"/>
    <property name="java.vm.vendor" value="Oracle Corporation"/>
    <property name="sun.arch.data.model" value="64"/>
    <property name="user.variant" value=""/>
    <property name="java.vendor.url" value="http://java.oracle.com/"/>
    <property name="user.timezone" value="Asia/Shanghai"/>
    <property name="java.vm.specification.version" value="1.8"/>
    <property name="os.name" value="Windows 10"/>
    <property name="user.country" value="CN"/>
    <property name="sun.java.launcher" value="SUN_STANDARD"/>
    <property name="sun.boot.library.path" value="C:\jdk\jre\bin"/>
    <property name="sun.java.command" value="C:\Users\ADMINI~1\AppData\Local\Temp\surefire3300620223030374930\surefirebooter4251233163080523594.jar C:\Users\Administrator\AppData\Local\Temp\surefire3300620223030374930 2023-03-15T17-01-30_604-jvmRun1 surefire7471913936970201910tmp surefire_04651845929088473987tmp"/>
    <property name="surefire.test.class.path" value="D:\iruite\excel-generator\target\test-classes;D:\iruite\excel-generator\target\classes;D:\apache-maven-3.8.5\repo\org\springframework\boot\spring-boot-starter-web\2.7.8\spring-boot-starter-web-2.7.8.jar;D:\apache-maven-3.8.5\repo\org\springframework\boot\spring-boot-starter\2.7.8\spring-boot-starter-2.7.8.jar;D:\apache-maven-3.8.5\repo\org\springframework\boot\spring-boot\2.7.8\spring-boot-2.7.8.jar;D:\apache-maven-3.8.5\repo\org\springframework\boot\spring-boot-autoconfigure\2.7.8\spring-boot-autoconfigure-2.7.8.jar;D:\apache-maven-3.8.5\repo\org\springframework\boot\spring-boot-starter-logging\2.7.8\spring-boot-starter-logging-2.7.8.jar;D:\apache-maven-3.8.5\repo\ch\qos\logback\logback-classic\1.2.11\logback-classic-1.2.11.jar;D:\apache-maven-3.8.5\repo\ch\qos\logback\logback-core\1.2.11\logback-core-1.2.11.jar;D:\apache-maven-3.8.5\repo\org\apache\logging\log4j\log4j-to-slf4j\2.17.2\log4j-to-slf4j-2.17.2.jar;D:\apache-maven-3.8.5\repo\org\apache\logging\log4j\log4j-api\2.17.2\log4j-api-2.17.2.jar;D:\apache-maven-3.8.5\repo\org\slf4j\jul-to-slf4j\1.7.36\jul-to-slf4j-1.7.36.jar;D:\apache-maven-3.8.5\repo\jakarta\annotation\jakarta.annotation-api\1.3.5\jakarta.annotation-api-1.3.5.jar;D:\apache-maven-3.8.5\repo\org\springframework\spring-core\5.3.25\spring-core-5.3.25.jar;D:\apache-maven-3.8.5\repo\org\springframework\spring-jcl\5.3.25\spring-jcl-5.3.25.jar;D:\apache-maven-3.8.5\repo\org\yaml\snakeyaml\1.30\snakeyaml-1.30.jar;D:\apache-maven-3.8.5\repo\org\springframework\boot\spring-boot-starter-json\2.7.8\spring-boot-starter-json-2.7.8.jar;D:\apache-maven-3.8.5\repo\com\fasterxml\jackson\core\jackson-databind\2.13.4.2\jackson-databind-2.13.4.2.jar;D:\apache-maven-3.8.5\repo\com\fasterxml\jackson\core\jackson-annotations\2.13.4\jackson-annotations-2.13.4.jar;D:\apache-maven-3.8.5\repo\com\fasterxml\jackson\core\jackson-core\2.13.4\jackson-core-2.13.4.jar;D:\apache-maven-3.8.5\repo\com\fasterxml\jackson\datatype\jackson-datatype-jdk8\2.13.4\jackson-datatype-jdk8-2.13.4.jar;D:\apache-maven-3.8.5\repo\com\fasterxml\jackson\datatype\jackson-datatype-jsr310\2.13.4\jackson-datatype-jsr310-2.13.4.jar;D:\apache-maven-3.8.5\repo\com\fasterxml\jackson\module\jackson-module-parameter-names\2.13.4\jackson-module-parameter-names-2.13.4.jar;D:\apache-maven-3.8.5\repo\org\springframework\boot\spring-boot-starter-tomcat\2.7.8\spring-boot-starter-tomcat-2.7.8.jar;D:\apache-maven-3.8.5\repo\org\apache\tomcat\embed\tomcat-embed-core\9.0.71\tomcat-embed-core-9.0.71.jar;D:\apache-maven-3.8.5\repo\org\apache\tomcat\embed\tomcat-embed-el\9.0.71\tomcat-embed-el-9.0.71.jar;D:\apache-maven-3.8.5\repo\org\apache\tomcat\embed\tomcat-embed-websocket\9.0.71\tomcat-embed-websocket-9.0.71.jar;D:\apache-maven-3.8.5\repo\org\springframework\spring-web\5.3.25\spring-web-5.3.25.jar;D:\apache-maven-3.8.5\repo\org\springframework\spring-beans\5.3.25\spring-beans-5.3.25.jar;D:\apache-maven-3.8.5\repo\org\springframework\spring-webmvc\5.3.25\spring-webmvc-5.3.25.jar;D:\apache-maven-3.8.5\repo\org\springframework\spring-aop\5.3.25\spring-aop-5.3.25.jar;D:\apache-maven-3.8.5\repo\org\springframework\spring-context\5.3.25\spring-context-5.3.25.jar;D:\apache-maven-3.8.5\repo\org\springframework\spring-expression\5.3.25\spring-expression-5.3.25.jar;D:\apache-maven-3.8.5\repo\cn\afterturn\easypoi-base\4.2.0\easypoi-base-4.2.0.jar;D:\apache-maven-3.8.5\repo\org\apache\poi\poi\4.1.1\poi-4.1.1.jar;D:\apache-maven-3.8.5\repo\commons-codec\commons-codec\1.15\commons-codec-1.15.jar;D:\apache-maven-3.8.5\repo\org\apache\commons\commons-collections4\4.4\commons-collections4-4.4.jar;D:\apache-maven-3.8.5\repo\org\apache\commons\commons-math3\3.6.1\commons-math3-3.6.1.jar;D:\apache-maven-3.8.5\repo\org\apache\poi\poi-ooxml\4.1.1\poi-ooxml-4.1.1.jar;D:\apache-maven-3.8.5\repo\org\apache\commons\commons-compress\1.19\commons-compress-1.19.jar;D:\apache-maven-3.8.5\repo\com\github\virtuald\curvesapi\1.06\curvesapi-1.06.jar;D:\apache-maven-3.8.5\repo\org\apache\poi\poi-ooxml-schemas\4.1.1\poi-ooxml-schemas-4.1.1.jar;D:\apache-maven-3.8.5\repo\org\apache\xmlbeans\xmlbeans\3.1.0\xmlbeans-3.1.0.jar;D:\apache-maven-3.8.5\repo\com\google\guava\guava\16.0.1\guava-16.0.1.jar;D:\apache-maven-3.8.5\repo\org\apache\commons\commons-lang3\3.12.0\commons-lang3-3.12.0.jar;D:\apache-maven-3.8.5\repo\ognl\ognl\3.2.6\ognl-3.2.6.jar;D:\apache-maven-3.8.5\repo\org\javassist\javassist\3.20.0-GA\javassist-3.20.0-GA.jar;D:\apache-maven-3.8.5\repo\javax\validation\validation-api\2.0.1.Final\validation-api-2.0.1.Final.jar;D:\apache-maven-3.8.5\repo\cn\afterturn\easypoi-annotation\4.2.0\easypoi-annotation-4.2.0.jar;D:\apache-maven-3.8.5\repo\org\projectlombok\lombok\1.18.24\lombok-1.18.24.jar;D:\apache-maven-3.8.5\repo\org\slf4j\slf4j-api\1.7.36\slf4j-api-1.7.36.jar;D:\apache-maven-3.8.5\repo\org\hibernate\validator\hibernate-validator\6.2.0.Final\hibernate-validator-6.2.0.Final.jar;D:\apache-maven-3.8.5\repo\jakarta\validation\jakarta.validation-api\2.0.2\jakarta.validation-api-2.0.2.jar;D:\apache-maven-3.8.5\repo\org\jboss\logging\jboss-logging\3.4.3.Final\jboss-logging-3.4.3.Final.jar;D:\apache-maven-3.8.5\repo\com\fasterxml\classmate\1.5.1\classmate-1.5.1.jar;"/>
    <property name="sun.cpu.endian" value="little"/>
    <property name="user.home" value="C:\Users\Administrator"/>
    <property name="user.language" value="zh"/>
    <property name="java.specification.vendor" value="Oracle Corporation"/>
    <property name="java.home" value="C:\jdk\jre"/>
    <property name="basedir" value="D:\iruite\excel-generator"/>
    <property name="file.separator" value="\"/>
    <property name="line.separator" value="&#10;"/>
    <property name="java.vm.specification.vendor" value="Oracle Corporation"/>
    <property name="java.specification.name" value="Java Platform API Specification"/>
    <property name="java.awt.graphicsenv" value="sun.awt.Win32GraphicsEnvironment"/>
    <property name="surefire.real.class.path" value="C:\Users\ADMINI~1\AppData\Local\Temp\surefire3300620223030374930\surefirebooter4251233163080523594.jar"/>
    <property name="sun.boot.class.path" value="C:\jdk\jre\lib\resources.jar;C:\jdk\jre\lib\rt.jar;C:\jdk\jre\lib\sunrsasign.jar;C:\jdk\jre\lib\jsse.jar;C:\jdk\jre\lib\jce.jar;C:\jdk\jre\lib\charsets.jar;C:\jdk\jre\lib\jfr.jar;C:\jdk\jre\classes"/>
    <property name="user.script" value=""/>
    <property name="sun.management.compiler" value="HotSpot 64-Bit Tiered Compilers"/>
    <property name="java.runtime.version" value="1.8.0_181-b13"/>
    <property name="user.name" value="Administrator"/>
    <property name="path.separator" value=";"/>
    <property name="os.version" value="10.0"/>
    <property name="java.endorsed.dirs" value="C:\jdk\jre\lib\endorsed"/>
    <property name="java.runtime.name" value="Java(TM) SE Runtime Environment"/>
    <property name="file.encoding" value="GBK"/>
    <property name="java.vm.name" value="Java HotSpot(TM) 64-Bit Server VM"/>
    <property name="localRepository" value="D:\apache-maven-3.8.5\repo"/>
    <property name="java.vendor.url.bug" value="http://bugreport.sun.com/bugreport/"/>
    <property name="java.io.tmpdir" value="C:\Users\ADMINI~1\AppData\Local\Temp\"/>
    <property name="idea.version" value="2022.1.2"/>
    <property name="java.version" value="1.8.0_181"/>
    <property name="user.dir" value="D:\iruite\excel-generator"/>
    <property name="os.arch" value="amd64"/>
    <property name="java.vm.specification.name" value="Java Virtual Machine Specification"/>
    <property name="java.awt.printerjob" value="sun.awt.windows.WPrinterJob"/>
    <property name="sun.os.patch.level" value=""/>
    <property name="java.library.path" value="C:\jdk\jre\bin;C:\WINDOWS\Sun\Java\bin;C:\WINDOWS\system32;C:\WINDOWS;D:\vmware workstation\bin\;C:\Program Files (x86)\Common Files\Oracle\Java\javapath;C:\WINDOWS\system32;C:\WINDOWS;C:\WINDOWS\System32\Wbem;C:\WINDOWS\System32\WindowsPowerShell\v1.0\;C:\WINDOWS\System32\OpenSSH\;C:\jdk\bin;D:\Git\cmd;D:\xshell\;D:\apache-maven-3.8.5\bin;D:\nodejs\;D:\微信web开发者工具\dll;C:\Program Files (x86)\Yarn\bin\;D:\Microsoft VS Code\bin;C:\Users\Administrator\AppData\Local\Microsoft\WindowsApps;;D:\IntelliJ IDEA 2022.1.2\bin;;D:\DataGrip 2022.1.4\bin;;C:\Users\Administrator\AppData\Roaming\npm;C:\Users\Administrator\AppData\Local\Yarn\bin;."/>
    <property name="java.vm.info" value="mixed mode"/>
    <property name="java.vendor" value="Oracle Corporation"/>
    <property name="java.vm.version" value="25.181-b13"/>
    <property name="java.ext.dirs" value="C:\jdk\jre\lib\ext;C:\WINDOWS\Sun\Java\lib\ext"/>
    <property name="sun.io.unicode.encoding" value="UnicodeLittle"/>
    <property name="java.class.version" value="52.0"/>
  </properties>
</testsuite>